--------------------------------------------------------------------------------
      name:  <unnamed>
       log:  \Desktop\section 10.log
  log type:  text
 opened on:  14 Jul 2014, 22:02:30

. /*generate log_beauty=ln(beauty);
> regress course_eval log_beauty, r;
> 
> generate log_courseval=ln(course_eval);
> regress log_courseval beauty, r;
> estimates store m2;
> regress log_courseval log_beauty, r;
> estimates table m1 m2;
> */ 
> 
> generate beauty_2=beauty*beauty;

. generate log_age=ln(age);

. generate log_courseeval=ln(course_eval);

. regress course_eval beauty beauty_2 female;

      Source |       SS       df       MS              Number of obs =     463
-------------+------------------------------           F(  3,   459) =   11.17
       Model |  9.67546492     3  3.22515497           Prob > F      =  0.0000
    Residual |  132.563155   459  .288808617           R-squared     =  0.0680
-------------+------------------------------           Adj R-squared =  0.0619
       Total |   142.23862   462  .307875801           Root MSE      =  .53741

------------------------------------------------------------------------------
 course_eval |      Coef.   Std. Err.      t    P>|t|     [95% Conf. Interval]
-------------+----------------------------------------------------------------
      beauty |    .289695   .1562843     1.85   0.064    -.0174264    .5968164
    beauty_2 |  -.0320445   .0347412    -0.92   0.357     -.100316     .036227
      female |  -.1971788   .0509929    -3.87   0.000    -.2973872   -.0969704
       _cons |   3.649993    .161434    22.61   0.000     3.332752    3.967234
------------------------------------------------------------------------------

. estimates store m1;

. regress course_eval beauty beauty_2 log_age female;

      Source |       SS       df       MS              Number of obs =     463
-------------+------------------------------           F(  4,   458) =    8.52
       Model |  9.84654395     4  2.46163599           Prob > F      =  0.0000
    Residual |  132.392076   458  .289065669           R-squared     =  0.0692
-------------+------------------------------           Adj R-squared =  0.0611
       Total |   142.23862   462  .307875801           Root MSE      =  .53765

------------------------------------------------------------------------------
 course_eval |      Coef.   Std. Err.      t    P>|t|     [95% Conf. Interval]
-------------+----------------------------------------------------------------
      beauty |   .2857464    .156438     1.83   0.068    -.0216789    .5931717
    beauty_2 |  -.0327677   .0347694    -0.94   0.346     -.101095    .0355595
     log_age |  -.0996132   .1294842    -0.77   0.442    -.3540701    .1548436
      female |  -.2072893   .0526812    -3.93   0.000    -.3108161   -.1037625
       _cons |   4.049744   .5441451     7.44   0.000     2.980413    5.119075
------------------------------------------------------------------------------

. estimates store m2;

. regress log_courseeval beauty  log_age female;

      Source |       SS       df       MS              Number of obs =     463
-------------+------------------------------           F(  3,   459) =   10.47
       Model |  .641395156     3  .213798385           Prob > F      =  0.0000
    Residual |  9.36939598   459  .020412627           R-squared     =  0.0641
-------------+------------------------------           Adj R-squared =  0.0580
       Total |  10.0107911   462  .021668379           Root MSE      =  .14287

------------------------------------------------------------------------------
log_course~l |      Coef.   Std. Err.      t    P>|t|     [95% Conf. Interval]
-------------+----------------------------------------------------------------
      beauty |   .0366576   .0088457     4.14   0.000     .0192745    .0540406
     log_age |  -.0303747   .0343961    -0.88   0.378    -.0979681    .0372187
      female |  -.0528667    .013999    -3.78   0.000    -.0803768   -.0253565
       _cons |   1.441626   .1403008    10.28   0.000     1.165915    1.717338
------------------------------------------------------------------------------

. estimates store m3;

. estimates table m1 m2 m3, star stats(N r2_a);

--------------------------------------------------------------
    Variable |      m1              m2              m3        
-------------+------------------------------------------------
      beauty |    .289695       .28574638       .03665756***  
    beauty_2 | -.03204451      -.03276773                     
      female | -.19717879***   -.20728931***   -.05286667***  
     log_age |                 -.09961323       -.0303747     
       _cons |  3.6499928***    4.0497441***    1.4416264***  
-------------+------------------------------------------------
           N |        463             463             463     
        r2_a |  .06193142        .0610965       .05795319     
--------------------------------------------------------------
                      legend: * p<0.05; ** p<0.01; *** p<0.001

. 
end of do-file

. exit, clear
