---------------------------------------------------------------------------
      name:  <unnamed>
       log:  M:\Private\Section 3\statpractice.log
  log type:  text
 opened on:   5 Feb 2011, 16:54:39

. *Question 1;
.  summarize;

    Variable |       Obs        Mean    Std. Dev.       Min        Max
-------------+--------------------------------------------------------
         age |      1000      40.741    14.10358         16         80
       union |      1000        .174    .3792992          0          1
     empsize |      1000     727.191    551.8907         10       1250
     manager |      1000        .092    .2891706          0          1
      hrwage |      1000    16.21223    8.653578   3.004808         40

. describe;

Contains data from http://www-personal.umich.edu/~thomasjl/pp639/unions.dta
  obs:         1,000                          
 vars:             5                          19 Feb 2010 12:04
 size:        18,000 (99.9% of memory free)
---------------------------------------------------------------------------
              storage  display     value
variable name   type   format      label      variable label
---------------------------------------------------------------------------
age             byte   %19.0g      agelbl     Age
union           byte   %33.0g      unionlbl    = 1 if in or covered by
                                                union
empsize         float  %9.0g                  Firm size
manager         float  %9.0g                   = 1 if managerial occupation
hrwage          float  %9.0g                  Hourly wage last year
---------------------------------------------------------------------------
Sorted by:  

. tab manager;

     = 1 if |
 managerial |
 occupation |      Freq.     Percent        Cum.
------------+-----------------------------------
          0 |        908       90.80       90.80
          1 |         92        9.20      100.00
------------+-----------------------------------
      Total |      1,000      100.00

. *Question 2;
. tab union if manager==1;

  = 1 if in |
 or covered |
   by union |      Freq.     Percent        Cum.
------------+-----------------------------------
          0 |         83       90.22       90.22
          1 |          9        9.78      100.00
------------+-----------------------------------
      Total |         92      100.00

. sum hrwage, d;

                    Hourly wage last year
-------------------------------------------------------------
      Percentiles      Smallest
 1%     3.496504       3.004808
 5%     5.399798       3.054945
10%     6.612981       3.076923       Obs                1000
25%     9.220648          3.125       Sum of Wgt.        1000

50%     14.42308                      Mean           16.21223
                        Largest       Std. Dev.      8.653578
75%     21.73821       39.42308
90%      28.9274       39.42308       Variance        74.8844
95%     33.65385       39.74445       Skewness       .7531483
99%     38.46154             40       Kurtosis       2.781448

. gen high_wage=(hrwage>14.423);

. ci union if(empsize>=700);

    Variable |        Obs        Mean    Std. Err.       [95% Conf. Interva
> l]
-------------+-------------------------------------------------------------
> --
       union |        575    .2347826    .0176917        .2000343     .2695
> 31

. ttest union, by (high_wage) unequal level(99);

Two-sample t test with unequal variances
---------------------------------------------------------------------------
> ---
   Group |     Obs        Mean    Std. Err.   Std. Dev.   [99% Conf. Interv
> al]
---------+-----------------------------------------------------------------
> ---
       0 |     485    .0824742    .0125039    .2753699    .0501388    .1148
> 096
       1 |     515    .2601942     .019352     .439167    .2101609    .3102
> 274
---------+-----------------------------------------------------------------
> ---
combined |    1000        .174    .0119945    .3792992    .1430451    .2049
> 549
---------+-----------------------------------------------------------------
> ---
    diff |           -.1777199    .0230401               -.2371977   -.1182
> 422
---------------------------------------------------------------------------
> ---
    diff = mean(0) - mean(1)                                      t =  -7.7
> 135
Ho: diff = 0                     Satterthwaite's degrees of freedom =  871.
> 456

    Ha: diff < 0                 Ha: diff != 0                 Ha: diff > 0
 Pr(T < t) = 0.0000         Pr(|T| > |t|) = 0.0000          Pr(T > t) = 1.0
> 000

. 
end of do-file

